TN:
SF:/Applications/XAMPP/xamppfiles/htdocs/DevPleno/projetosFinais/convertMyMoney/lib/api.bcb.js
FN:2,(anonymous_0)
FN:11,(anonymous_1)
FN:12,(anonymous_2)
FN:14,(anonymous_3)
FN:17,(anonymous_4)
FN:24,(anonymous_5)
FNF:6
FNH:5
FNDA:2,(anonymous_0)
FNDA:1,(anonymous_1)
FNDA:1,(anonymous_2)
FNDA:1,(anonymous_3)
FNDA:0,(anonymous_4)
FNDA:1,(anonymous_5)
DA:1,1
DA:2,1
DA:3,2
DA:4,2
DA:8,1
DA:9,1
DA:11,1
DA:12,1
DA:13,1
DA:15,1
DA:18,0
DA:24,1
DA:25,1
DA:26,1
DA:27,1
DA:29,1
DA:33,1
LF:17
LH:16
BRF:0
BRH:0
end_of_record
TN:
SF:/Applications/XAMPP/xamppfiles/htdocs/DevPleno/projetosFinais/convertMyMoney/lib/convert.js
FN:1,(anonymous_0)
FN:5,(anonymous_1)
FN:9,(anonymous_2)
FNF:3
FNH:3
FNDA:2,(anonymous_0)
FNDA:2,(anonymous_1)
FNDA:2,(anonymous_2)
DA:1,1
DA:2,2
DA:5,1
DA:6,2
DA:9,1
DA:10,2
DA:13,1
LF:7
LH:7
BRDA:10,0,0,2
BRDA:10,0,1,1
BRF:2
BRH:2
end_of_record
