<?xml version="1.0" encoding="UTF-8"?>
<coverage generated="1580285787861" clover="3.2.0">
  <project timestamp="1580285787861" name="All files">
    <metrics statements="7" coveredstatements="7" conditionals="0" coveredconditionals="0" methods="6" coveredmethods="6" elements="13" coveredelements="13" complexity="0" loc="7" ncloc="7" packages="1" files="1" classes="1"/>
    <file name="juros.js" path="/Applications/XAMPP/xamppfiles/htdocs/DevPleno/FullStackMaster/devPleno-FullStackMaster/Mod-06-Semana-03/aula10-modules-testes/juros.js">
      <metrics statements="7" coveredstatements="7" conditionals="0" coveredconditionals="0" methods="6" coveredmethods="6"/>
      <line num="1" count="3" type="stmt"/>
      <line num="3" count="2" type="stmt"/>
      <line num="4" count="1" type="stmt"/>
      <line num="6" count="1" type="stmt"/>
      <line num="8" count="2" type="stmt"/>
      <line num="9" count="1" type="stmt"/>
      <line num="11" count="1" type="stmt"/>
    </file>
  </project>
</coverage>
